<?xml version="1.0" encoding="UTF-8"?>
<!-- Generated by org.testng.reporters.JUnitReportReporter -->
<testsuite hostname="NAVEENRM" failures="0" tests="1" name="com.testing.TestNG.day_7" time="39.872" errors="0" timestamp="2023-06-15T20:41:36 IST" skipped="0">
  <testcase classname="com.testing.TestNG.day_7" name="f" time="39.872"/>
  <system-out/>
</testsuite> <!-- com.testing.TestNG.day_7 -->
