<?xml version="1.0" encoding="UTF-8"?>
<!-- Generated by org.testng.reporters.JUnitReportReporter -->
<testsuite hostname="NAVEENRM" failures="0" tests="1" name="com.ok.NewTest" time="0.017" errors="0" timestamp="2023-06-15T21:19:12 IST" skipped="0">
  <testcase classname="com.ok.NewTest" name="f" time="0.017"/>
  <system-out/>
</testsuite> <!-- com.ok.NewTest -->
